2025-05-03 07:28:06 [INFO] SpawnProcess-4: --- Starting pipeline for: SC4021E0-PSG.edf ---
2025-05-03 07:28:06 [INFO] SpawnProcess-5: --- Starting pipeline for: SC4042E0-PSG.edf ---
2025-05-03 07:28:06 [INFO] SpawnProcess-5: --- Starting pipeline for: SC4071E0-PSG.edf ---
2025-05-03 07:28:06 [2025-05-03 07:28:07 [INFO] MainProcess: Preprocessing Script Finished
2025-05-03 07:28:07 [INFO] MainProcess: Total files attempted: 197
2025-05-03 07:28:07 [INFO] MainProcess:    Successfully processed (basic checks OK): 197
2025-05-03 07:28:07 [INFO] MainProcess:    Failed (hypno find, processing error, etc.): 0
2025-05-03 07:28:07 [INFO] MainProcess: Total execution time: 0.55 seconds (0.01 minutes)
2025-05-03 07:28:07 [INFO] MainProcess:                   End of Preprocessing Run
 pipeline for: SC4222E0-PSG.edf ---
2025-05-03 07:28:06 [INFO] SpawnProcess-5: --- Starting pipeline for: SC4251E0-PSG.edf ---
2025-05-03 07:28:06 [INFO] SpawnProcess-4: --- Starting pipeline for: SC4272F0-PSG.edf ---
2025-05-03 07:28:06 [INFO] SpawnProcess-5: --- Starting pipeline for: SC4301E0-PSG.edf ---
2025-05-03 07:28:06 [INFO] SpawnProcess-5: --- Starting pipeline for: SC4322E0-PSG.edf ---
2025-05-03 07:28:06 [INFO] SpawnProcess-5: --- Starting pipeline for: SC4351F0-PSG.edf ---
2025-05-03 07:28:06 [INFO] SpawnProcess-4: --- Starting pipeline for: SC4381F0-PSG.edf ---
2025-05-03 07:28:06 [INFO] SpawnProcess-4: --- Starting pipeline for: SC4412E0-PSG.edf ---
2025-05-03 07:28:06 [INFO] SpawnProcess-5: --- Starting pipeline for: SC4441E0-PSG.edf ---
2025-05-03 07:28:06 [INFO] SpawnProcess-4: --- Starting pipeline for: SC4462F0-PSG.edf ---
2025-05-03 07:28:07 [INFO] SpawnProcess-5: --- Starting pipeline for: SC4491G0-PSG.edf ---
2025-05-03 07:28:07 [INFO] SpawnProcess-5: --- Starting pipeline for: SC4512E0-PSG.edf ---
2025-05-03 07:28:07 [INFO] SpawnProcess-4: --- Starting pipeline for: SC4542F0-PSG.edf ---
2025-05-03 07:28:07 [INFO] SpawnProcess-4: --- Starting pipeline for: SC4571F0-PSG.edf ---
2025-05-03 07:28:07 [INFO] SpawnProcess-4: --- Starting pipeline for: SC4592G0-PSG.edf ---
2025-05-03 07:28:07 [INFO] SpawnProcess-4: --- Starting pipeline for: SC4621E0-PSG.edf ---
2025-05-03 07:28:07 [INFO] SpawnProcess-4: --- Starting pipeline for: SC4651E0-PSG.edf ---
2025-05-03 07:28:07 [INFO] SpawnProcess-4: --- Starting pipeline for: SC4701E0-PSG.edf ---
2025-05-03 07:28:07 [INFO] SpawnProcess-4: --- Starting pipeline for: SC4721E0-PSG.edf ---
2025-05-03 07:28:07 [INFO] SpawnProcess-4: --- Starting pipeline for: SC4741E0-PSG.edf ---
2025-05-03 07:28:07 [INFO] SpawnProcess-4: --- Starting pipeline for: SC4762E0-PSG.edf ---
2025-05-03 07:28:07 [INFO] SpawnProcess-4: --- Starting pipeline for: SC4811G0-PSG.edf ---
2025-05-03 07:28:07 [INFO] SpawnProcess-4: --- Starting pipeline for: ST7021J0-PSG.edf ---
2025-05-03 07:28:07 [INFO] SpawnProcess-4: --- Starting pipeline for: ST7051J0-PSG.edf ---
2025-05-03 07:28:07 [INFO] SpawnProcess-4: --- Starting pipeline for: ST7072J0-PSG.edf ---
2025-05-03 07:28:07 [INFO] SpawnProcess-4: --- Starting pipeline for: ST7101J0-PSG.edf ---
2025-05-03 07:28:07 [INFO] SpawnProcess-4: --- Starting pipeline for: ST7122J0-PSG.edf ---
2025-05-03 07:28:07 [INFO] SpawnProcess-4: --- Starting pipeline for: ST7151J0-PSG.edf ---
2025-05-03 07:28:07 [INFO] SpawnProcess-4: --- Starting pipeline for: ST7172J0-PSG.edf ---
2025-05-03 07:28:07 [INFO] SpawnProcess-4: --- Starting pipeline for: ST7202J0-PSG.edf ---
2025-05-03 07:28:07 [INFO] SpawnProcess-4: --- Starting pipeline for: ST7222J0-PSG.edf ---
2025-05-03 07:28:07 [INFO] SpawnProcess-5: --- Starting pipeline for: ST7242J0-PSG.edf ---
